mode: set
github.com/anz-bank/go-course/11_notify/willshen8/pkg/puppy/puppy.go:20.34,21.49 1 1
github.com/anz-bank/go-course/11_notify/willshen8/pkg/puppy/puppy.go:26.2,26.12 1 1
github.com/anz-bank/go-course/11_notify/willshen8/pkg/puppy/puppy.go:21.49,23.3 1 1
github.com/anz-bank/go-course/11_notify/willshen8/pkg/puppy/puppy.go:23.8,23.18 1 1
github.com/anz-bank/go-course/11_notify/willshen8/pkg/puppy/puppy.go:23.18,25.3 1 1
github.com/anz-bank/go-course/11_notify/willshen8/pkg/puppy/rest.go:24.73,26.2 1 1
github.com/anz-bank/go-course/11_notify/willshen8/pkg/puppy/rest.go:29.68,32.2 2 1
github.com/anz-bank/go-course/11_notify/willshen8/pkg/puppy/rest.go:35.74,37.16 2 1
github.com/anz-bank/go-course/11_notify/willshen8/pkg/puppy/rest.go:41.2,42.16 2 1
github.com/anz-bank/go-course/11_notify/willshen8/pkg/puppy/rest.go:46.2,46.26 1 1
github.com/anz-bank/go-course/11_notify/willshen8/pkg/puppy/rest.go:37.16,40.3 2 1
github.com/anz-bank/go-course/11_notify/willshen8/pkg/puppy/rest.go:42.16,45.3 2 1
github.com/anz-bank/go-course/11_notify/willshen8/pkg/puppy/rest.go:50.75,52.54 2 1
github.com/anz-bank/go-course/11_notify/willshen8/pkg/puppy/rest.go:56.2,57.16 2 1
github.com/anz-bank/go-course/11_notify/willshen8/pkg/puppy/rest.go:61.2,62.22 2 1
github.com/anz-bank/go-course/11_notify/willshen8/pkg/puppy/rest.go:52.54,55.3 2 1
github.com/anz-bank/go-course/11_notify/willshen8/pkg/puppy/rest.go:57.16,60.3 2 1
github.com/anz-bank/go-course/11_notify/willshen8/pkg/puppy/rest.go:66.74,68.16 2 1
github.com/anz-bank/go-course/11_notify/willshen8/pkg/puppy/rest.go:72.2,73.54 2 1
github.com/anz-bank/go-course/11_notify/willshen8/pkg/puppy/rest.go:78.2,79.16 2 1
github.com/anz-bank/go-course/11_notify/willshen8/pkg/puppy/rest.go:89.2,90.52 2 1
github.com/anz-bank/go-course/11_notify/willshen8/pkg/puppy/rest.go:68.16,71.3 2 1
github.com/anz-bank/go-course/11_notify/willshen8/pkg/puppy/rest.go:73.54,76.3 2 1
github.com/anz-bank/go-course/11_notify/willshen8/pkg/puppy/rest.go:79.16,80.39 1 1
github.com/anz-bank/go-course/11_notify/willshen8/pkg/puppy/rest.go:84.3,84.43 1 1
github.com/anz-bank/go-course/11_notify/willshen8/pkg/puppy/rest.go:80.39,83.4 2 1
github.com/anz-bank/go-course/11_notify/willshen8/pkg/puppy/rest.go:84.43,87.4 2 1
github.com/anz-bank/go-course/11_notify/willshen8/pkg/puppy/rest.go:94.77,96.16 2 1
github.com/anz-bank/go-course/11_notify/willshen8/pkg/puppy/rest.go:100.2,101.16 2 1
github.com/anz-bank/go-course/11_notify/willshen8/pkg/puppy/rest.go:105.2,106.52 2 1
github.com/anz-bank/go-course/11_notify/willshen8/pkg/puppy/rest.go:96.16,99.3 2 1
github.com/anz-bank/go-course/11_notify/willshen8/pkg/puppy/rest.go:101.16,104.3 2 1
github.com/anz-bank/go-course/11_notify/willshen8/pkg/puppy/rest.go:110.48,113.16 3 1
github.com/anz-bank/go-course/11_notify/willshen8/pkg/puppy/rest.go:117.2,118.87 2 1
github.com/anz-bank/go-course/11_notify/willshen8/pkg/puppy/rest.go:113.16,116.3 2 1
github.com/anz-bank/go-course/11_notify/willshen8/pkg/puppy/rest.go:122.50,127.2 4 1
github.com/anz-bank/go-course/11_notify/willshen8/pkg/puppy/rest.go:130.29,136.2 5 1
github.com/anz-bank/go-course/11_notify/willshen8/pkg/puppy/syncstore.go:14.32,16.2 1 1
github.com/anz-bank/go-course/11_notify/willshen8/pkg/puppy/syncstore.go:19.59,22.37 3 1
github.com/anz-bank/go-course/11_notify/willshen8/pkg/puppy/syncstore.go:25.2,28.18 4 1
github.com/anz-bank/go-course/11_notify/willshen8/pkg/puppy/syncstore.go:22.37,24.3 1 1
github.com/anz-bank/go-course/11_notify/willshen8/pkg/puppy/syncstore.go:33.58,36.39 3 1
github.com/anz-bank/go-course/11_notify/willshen8/pkg/puppy/syncstore.go:40.2,40.60 1 1
github.com/anz-bank/go-course/11_notify/willshen8/pkg/puppy/syncstore.go:36.39,39.3 2 1
github.com/anz-bank/go-course/11_notify/willshen8/pkg/puppy/syncstore.go:44.60,47.37 3 1
github.com/anz-bank/go-course/11_notify/willshen8/pkg/puppy/syncstore.go:50.2,50.39 1 1
github.com/anz-bank/go-course/11_notify/willshen8/pkg/puppy/syncstore.go:55.2,55.80 1 1
github.com/anz-bank/go-course/11_notify/willshen8/pkg/puppy/syncstore.go:47.37,49.3 1 1
github.com/anz-bank/go-course/11_notify/willshen8/pkg/puppy/syncstore.go:50.39,54.3 3 1
github.com/anz-bank/go-course/11_notify/willshen8/pkg/puppy/syncstore.go:59.50,62.39 3 1
github.com/anz-bank/go-course/11_notify/willshen8/pkg/puppy/syncstore.go:66.2,66.80 1 1
github.com/anz-bank/go-course/11_notify/willshen8/pkg/puppy/syncstore.go:62.39,65.3 2 1
github.com/anz-bank/go-course/11_notify/willshen8/pkg/puppy/error.go:12.32,14.2 1 1
github.com/anz-bank/go-course/11_notify/willshen8/pkg/puppy/error.go:17.71,22.2 1 1
github.com/anz-bank/go-course/11_notify/willshen8/pkg/puppy/error.go:33.34,34.11 1 1
github.com/anz-bank/go-course/11_notify/willshen8/pkg/puppy/error.go:42.2,42.24 1 1
github.com/anz-bank/go-course/11_notify/willshen8/pkg/puppy/error.go:35.23,36.55 1 1
github.com/anz-bank/go-course/11_notify/willshen8/pkg/puppy/error.go:37.19,38.39 1 1
github.com/anz-bank/go-course/11_notify/willshen8/pkg/puppy/error.go:39.24,40.26 1 1
github.com/anz-bank/go-course/11_notify/willshen8/pkg/puppy/lostpuppy.go:17.62,20.61 3 1
github.com/anz-bank/go-course/11_notify/willshen8/pkg/puppy/lostpuppy.go:25.2,25.24 1 1
github.com/anz-bank/go-course/11_notify/willshen8/pkg/puppy/lostpuppy.go:29.2,29.35 1 1
github.com/anz-bank/go-course/11_notify/willshen8/pkg/puppy/lostpuppy.go:20.61,24.3 3 1
github.com/anz-bank/go-course/11_notify/willshen8/pkg/puppy/lostpuppy.go:25.24,28.3 2 1
github.com/anz-bank/go-course/11_notify/willshen8/pkg/puppy/lostpuppy.go:33.41,35.2 1 1
github.com/anz-bank/go-course/11_notify/willshen8/pkg/puppy/mapstore.go:12.30,14.2 1 1
github.com/anz-bank/go-course/11_notify/willshen8/pkg/puppy/mapstore.go:17.58,20.37 3 1
github.com/anz-bank/go-course/11_notify/willshen8/pkg/puppy/mapstore.go:23.2,26.18 4 1
github.com/anz-bank/go-course/11_notify/willshen8/pkg/puppy/mapstore.go:20.37,22.3 1 1
github.com/anz-bank/go-course/11_notify/willshen8/pkg/puppy/mapstore.go:31.57,34.27 3 1
github.com/anz-bank/go-course/11_notify/willshen8/pkg/puppy/mapstore.go:37.2,37.64 1 1
github.com/anz-bank/go-course/11_notify/willshen8/pkg/puppy/mapstore.go:34.27,36.3 1 1
github.com/anz-bank/go-course/11_notify/willshen8/pkg/puppy/mapstore.go:41.59,44.28 3 1
github.com/anz-bank/go-course/11_notify/willshen8/pkg/puppy/mapstore.go:47.2,47.37 1 1
github.com/anz-bank/go-course/11_notify/willshen8/pkg/puppy/mapstore.go:50.2,52.12 3 1
github.com/anz-bank/go-course/11_notify/willshen8/pkg/puppy/mapstore.go:44.28,46.3 1 1
github.com/anz-bank/go-course/11_notify/willshen8/pkg/puppy/mapstore.go:47.37,49.3 1 1
github.com/anz-bank/go-course/11_notify/willshen8/pkg/puppy/mapstore.go:56.49,59.27 3 1
github.com/anz-bank/go-course/11_notify/willshen8/pkg/puppy/mapstore.go:63.2,63.80 1 1
github.com/anz-bank/go-course/11_notify/willshen8/pkg/puppy/mapstore.go:59.27,62.3 2 1
